[INFO ] 2024-04-11 18:32:11.907 [main] BaseClass - **** Starting TC_001_LanguageCountTest  ****
[INFO ] 2024-04-11 18:32:20.625 [main] BaseClass - **** Finished TC_001_LanguageCountTest  ****
[INFO ] 2024-04-11 18:32:20.790 [main] BaseClass - **** Starting TC_002_WebDevelopmentCoursesTest  ****
[INFO ] 2024-04-11 18:32:23.409 [main] BaseClass - **** Finished TC_002_WebDevelopmentCoursesTest  ****
[INFO ] 2024-04-11 18:32:23.576 [main] BaseClass - **** TC_003_LanguageLearningCoursesTest  ****
[INFO ] 2024-04-11 18:33:04.098 [main] BaseClass - **** Finished TC_003_LanguageLearningCoursesTest  ****
[DEBUG] 2024-04-11 18:33:04.334 [main] PackageRelationshipCollection - Parsing relationship: /xl/_rels/workbook.xml.rels
[DEBUG] 2024-04-11 18:33:04.336 [main] PackageRelationshipCollection - Parsing relationship: /_rels/.rels
[DEBUG] 2024-04-11 18:33:04.749 [main] PackageRelationshipCollection - Parsing relationship: /xl/_rels/workbook.xml.rels
[DEBUG] 2024-04-11 18:33:04.750 [main] PackageRelationshipCollection - Parsing relationship: /_rels/.rels
[DEBUG] 2024-04-11 18:33:04.778 [main] PackageRelationshipCollection - Parsing relationship: /xl/_rels/workbook.xml.rels
[DEBUG] 2024-04-11 18:33:04.779 [main] PackageRelationshipCollection - Parsing relationship: /_rels/.rels
[DEBUG] 2024-04-11 18:33:04.815 [main] PackageRelationshipCollection - Parsing relationship: /xl/_rels/workbook.xml.rels
[DEBUG] 2024-04-11 18:33:04.816 [main] PackageRelationshipCollection - Parsing relationship: /_rels/.rels
[DEBUG] 2024-04-11 18:33:04.838 [main] PackageRelationshipCollection - Parsing relationship: /xl/_rels/workbook.xml.rels
[DEBUG] 2024-04-11 18:33:04.839 [main] PackageRelationshipCollection - Parsing relationship: /_rels/.rels
[DEBUG] 2024-04-11 18:33:04.862 [main] PackageRelationshipCollection - Parsing relationship: /xl/_rels/workbook.xml.rels
[DEBUG] 2024-04-11 18:33:04.863 [main] PackageRelationshipCollection - Parsing relationship: /_rels/.rels
[DEBUG] 2024-04-11 18:33:04.911 [main] PackageRelationshipCollection - Parsing relationship: /xl/_rels/workbook.xml.rels
[DEBUG] 2024-04-11 18:33:04.912 [main] PackageRelationshipCollection - Parsing relationship: /_rels/.rels
[DEBUG] 2024-04-11 18:33:04.937 [main] PackageRelationshipCollection - Parsing relationship: /xl/_rels/workbook.xml.rels
[DEBUG] 2024-04-11 18:33:04.938 [main] PackageRelationshipCollection - Parsing relationship: /_rels/.rels
[DEBUG] 2024-04-11 18:33:04.966 [main] PackageRelationshipCollection - Parsing relationship: /xl/_rels/workbook.xml.rels
[DEBUG] 2024-04-11 18:33:04.967 [main] PackageRelationshipCollection - Parsing relationship: /_rels/.rels
[DEBUG] 2024-04-11 18:33:04.991 [main] PackageRelationshipCollection - Parsing relationship: /xl/_rels/workbook.xml.rels
[DEBUG] 2024-04-11 18:33:04.992 [main] PackageRelationshipCollection - Parsing relationship: /_rels/.rels
[DEBUG] 2024-04-11 18:33:05.012 [main] PackageRelationshipCollection - Parsing relationship: /xl/_rels/workbook.xml.rels
[DEBUG] 2024-04-11 18:33:05.014 [main] PackageRelationshipCollection - Parsing relationship: /_rels/.rels
[DEBUG] 2024-04-11 18:33:05.035 [main] PackageRelationshipCollection - Parsing relationship: /xl/_rels/workbook.xml.rels
[DEBUG] 2024-04-11 18:33:05.037 [main] PackageRelationshipCollection - Parsing relationship: /_rels/.rels
[DEBUG] 2024-04-11 18:33:05.062 [main] PackageRelationshipCollection - Parsing relationship: /xl/_rels/workbook.xml.rels
[DEBUG] 2024-04-11 18:33:05.065 [main] PackageRelationshipCollection - Parsing relationship: /_rels/.rels
[DEBUG] 2024-04-11 18:33:05.094 [main] PackageRelationshipCollection - Parsing relationship: /xl/_rels/workbook.xml.rels
[DEBUG] 2024-04-11 18:33:05.095 [main] PackageRelationshipCollection - Parsing relationship: /_rels/.rels
[DEBUG] 2024-04-11 18:33:05.115 [main] PackageRelationshipCollection - Parsing relationship: /xl/_rels/workbook.xml.rels
[DEBUG] 2024-04-11 18:33:05.116 [main] PackageRelationshipCollection - Parsing relationship: /_rels/.rels
[DEBUG] 2024-04-11 18:33:05.135 [main] PackageRelationshipCollection - Parsing relationship: /xl/_rels/workbook.xml.rels
[DEBUG] 2024-04-11 18:33:05.136 [main] PackageRelationshipCollection - Parsing relationship: /_rels/.rels
[DEBUG] 2024-04-11 18:33:05.168 [main] PackageRelationshipCollection - Parsing relationship: /xl/_rels/workbook.xml.rels
[DEBUG] 2024-04-11 18:33:05.170 [main] PackageRelationshipCollection - Parsing relationship: /_rels/.rels
[DEBUG] 2024-04-11 18:33:05.190 [main] PackageRelationshipCollection - Parsing relationship: /xl/_rels/workbook.xml.rels
[DEBUG] 2024-04-11 18:33:05.191 [main] PackageRelationshipCollection - Parsing relationship: /_rels/.rels
[DEBUG] 2024-04-11 18:33:05.210 [main] PackageRelationshipCollection - Parsing relationship: /xl/_rels/workbook.xml.rels
[DEBUG] 2024-04-11 18:33:05.210 [main] PackageRelationshipCollection - Parsing relationship: /_rels/.rels
[DEBUG] 2024-04-11 18:33:05.234 [main] PackageRelationshipCollection - Parsing relationship: /xl/_rels/workbook.xml.rels
[DEBUG] 2024-04-11 18:33:05.235 [main] PackageRelationshipCollection - Parsing relationship: /_rels/.rels
[DEBUG] 2024-04-11 18:33:05.259 [main] PackageRelationshipCollection - Parsing relationship: /xl/_rels/workbook.xml.rels
[DEBUG] 2024-04-11 18:33:05.260 [main] PackageRelationshipCollection - Parsing relationship: /_rels/.rels
[DEBUG] 2024-04-11 18:33:05.276 [main] PackageRelationshipCollection - Parsing relationship: /xl/_rels/workbook.xml.rels
[DEBUG] 2024-04-11 18:33:05.277 [main] PackageRelationshipCollection - Parsing relationship: /_rels/.rels
[DEBUG] 2024-04-11 18:33:05.293 [main] PackageRelationshipCollection - Parsing relationship: /xl/_rels/workbook.xml.rels
[DEBUG] 2024-04-11 18:33:05.294 [main] PackageRelationshipCollection - Parsing relationship: /_rels/.rels
[DEBUG] 2024-04-11 18:33:05.316 [main] PackageRelationshipCollection - Parsing relationship: /xl/_rels/workbook.xml.rels
[DEBUG] 2024-04-11 18:33:05.318 [main] PackageRelationshipCollection - Parsing relationship: /_rels/.rels
[DEBUG] 2024-04-11 18:33:05.365 [main] PackageRelationshipCollection - Parsing relationship: /xl/_rels/workbook.xml.rels
[DEBUG] 2024-04-11 18:33:05.367 [main] PackageRelationshipCollection - Parsing relationship: /_rels/.rels
[DEBUG] 2024-04-11 18:33:05.391 [main] PackageRelationshipCollection - Parsing relationship: /xl/_rels/workbook.xml.rels
[DEBUG] 2024-04-11 18:33:05.392 [main] PackageRelationshipCollection - Parsing relationship: /_rels/.rels
[INFO ] 2024-04-11 18:33:05.408 [main] BaseClass - **** Starting TC_004_FormSubmissionTest  ****
[INFO ] 2024-04-11 18:33:52.887 [main] BaseClass - **** Finished TC_004_FormSubmissionTest  ****
[INFO ] 2024-04-11 18:33:52.988 [main] BaseClass - **** Starting TC_004_FormSubmissionTest  ****
[INFO ] 2024-04-11 18:36:22.250 [main] BaseClass - **** Finished TC_004_FormSubmissionTest  ****
[DEBUG] 2024-04-11 18:39:00.746 [main] PackageRelationshipCollection - Parsing relationship: /xl/_rels/workbook.xml.rels
[DEBUG] 2024-04-11 18:39:00.758 [main] PackageRelationshipCollection - Parsing relationship: /_rels/.rels
[DEBUG] 2024-04-11 18:39:59.809 [main] PackageRelationshipCollection - Parsing relationship: /xl/_rels/workbook.xml.rels
[DEBUG] 2024-04-11 18:39:59.811 [main] PackageRelationshipCollection - Parsing relationship: /_rels/.rels
